09/Jun/2022 15:41:03,364- ebanking: Username provided
09/Jun/2022 15:41:03,464- ebanking: Password provided
09/Jun/2022 15:41:14,053- ebanking: Providing customer details..
09/Jun/2022 15:41:36,216- ebanking: Validation started...
09/Jun/2022 15:41:36,360- ebanking: Test case is passed
09/Jun/2022 15:45:06,717- ebanking: URL opened
09/Jun/2022 15:45:06,959- ebanking: Entered Username
09/Jun/2022 15:45:07,261- ebanking: Entered Password
09/Jun/2022 15:45:10,102- ebanking: passed
09/Jun/2022 15:45:10,920- ebanking: Validate header text success..
09/Jun/2022 15:45:25,073- ebanking: Username provided
09/Jun/2022 15:45:25,208- ebanking: Password provided
09/Jun/2022 15:45:30,626- ebanking: Login Passed
09/Jun/2022 15:45:38,566- ebanking: Username provided
09/Jun/2022 15:45:40,432- ebanking: Password provided
09/Jun/2022 15:45:48,078- ebanking: Username provided
09/Jun/2022 15:45:48,175- ebanking: Password provided
09/Jun/2022 15:45:57,013- ebanking: Username provided
09/Jun/2022 15:45:57,106- ebanking: Password provided
09/Jun/2022 15:46:02,444- ebanking: Login Passed
09/Jun/2022 15:46:08,892- ebanking: Username provided
09/Jun/2022 15:46:11,343- ebanking: Password provided
09/Jun/2022 15:46:31,478- ebanking: Username provided
09/Jun/2022 15:46:31,727- ebanking: Password provided
09/Jun/2022 15:46:37,567- ebanking: Providing customer details..
09/Jun/2022 15:46:53,893- ebanking: Validation started...
09/Jun/2022 15:46:53,967- ebanking: Test case is passed
09/Jun/2022 15:52:59,111- ebanking: URL opened
09/Jun/2022 15:52:59,260- ebanking: Entered Username
09/Jun/2022 15:52:59,387- ebanking: Entered Password
09/Jun/2022 15:53:01,848- ebanking: passed
09/Jun/2022 15:53:01,960- ebanking: Validate header text success..
09/Jun/2022 15:53:13,195- ebanking: Username provided
09/Jun/2022 15:53:13,362- ebanking: Password provided
09/Jun/2022 15:53:19,533- ebanking: Login Passed
09/Jun/2022 15:53:26,269- ebanking: Username provided
09/Jun/2022 15:53:26,389- ebanking: Password provided
09/Jun/2022 15:53:34,949- ebanking: Username provided
09/Jun/2022 15:53:35,046- ebanking: Password provided
09/Jun/2022 15:53:41,608- ebanking: Username provided
09/Jun/2022 15:53:42,017- ebanking: Password provided
09/Jun/2022 15:53:47,579- ebanking: Login Passed
09/Jun/2022 15:53:54,575- ebanking: Username provided
09/Jun/2022 15:53:54,674- ebanking: Password provided
09/Jun/2022 15:54:11,309- ebanking: Username provided
09/Jun/2022 15:54:11,587- ebanking: Password provided
09/Jun/2022 15:54:17,839- ebanking: Providing customer details..
09/Jun/2022 15:54:35,985- ebanking: Validation started...
09/Jun/2022 15:54:36,005- ebanking: Test case is passed
09/Jun/2022 16:01:28,064- ebanking: Username provided
09/Jun/2022 16:01:28,208- ebanking: Password provided
09/Jun/2022 16:01:35,714- ebanking: Username provided
09/Jun/2022 16:01:35,830- ebanking: Password provided
09/Jun/2022 16:01:48,048- ebanking: Username provided
09/Jun/2022 16:01:48,148- ebanking: Password provided
09/Jun/2022 16:03:38,000- ebanking: Login Passed
10/Jun/2022 12:19:54,397- ebanking: URL opened
10/Jun/2022 12:19:55,963- ebanking: Entered Username
10/Jun/2022 12:19:56,291- ebanking: Entered Password
10/Jun/2022 12:20:03,600- ebanking: passed
10/Jun/2022 12:20:04,923- ebanking: Validate header text success..
10/Jun/2022 12:20:30,239- ebanking: Username provided
10/Jun/2022 12:20:30,393- ebanking: Password provided
10/Jun/2022 12:20:41,586- ebanking: Login Passed
10/Jun/2022 12:20:55,382- ebanking: Username provided
10/Jun/2022 12:20:55,487- ebanking: Password provided
10/Jun/2022 12:21:08,818- ebanking: Username provided
10/Jun/2022 12:21:08,911- ebanking: Password provided
10/Jun/2022 12:21:16,683- ebanking: Username provided
10/Jun/2022 12:21:16,832- ebanking: Password provided
10/Jun/2022 12:21:22,624- ebanking: Login Passed
10/Jun/2022 12:21:29,119- ebanking: Username provided
10/Jun/2022 12:21:29,711- ebanking: Password provided
10/Jun/2022 12:21:46,629- ebanking: Username provided
10/Jun/2022 12:21:46,771- ebanking: Password provided
10/Jun/2022 12:21:54,076- ebanking: Providing customer details..
10/Jun/2022 12:30:11,711- ebanking: URL opened
10/Jun/2022 12:30:12,040- ebanking: Entered Username
10/Jun/2022 12:30:13,883- ebanking: Entered Password
10/Jun/2022 12:30:16,080- ebanking: passed
10/Jun/2022 12:30:17,773- ebanking: Validate header text success..
10/Jun/2022 12:30:29,364- ebanking: Username provided
10/Jun/2022 12:30:29,538- ebanking: Password provided
10/Jun/2022 12:30:36,853- ebanking: Login Passed
10/Jun/2022 12:30:46,116- ebanking: Username provided
10/Jun/2022 12:30:46,254- ebanking: Password provided
10/Jun/2022 12:30:56,297- ebanking: Username provided
10/Jun/2022 12:30:56,412- ebanking: Password provided
10/Jun/2022 12:31:04,907- ebanking: Username provided
10/Jun/2022 12:31:05,000- ebanking: Password provided
10/Jun/2022 12:31:11,205- ebanking: Login Passed
10/Jun/2022 12:31:17,879- ebanking: Username provided
10/Jun/2022 12:31:18,270- ebanking: Password provided
10/Jun/2022 12:31:38,251- ebanking: Username provided
10/Jun/2022 12:31:38,372- ebanking: Password provided
10/Jun/2022 12:31:46,629- ebanking: Providing customer details..
10/Jun/2022 12:32:05,036- ebanking: Validation started...
10/Jun/2022 12:32:05,113- ebanking: Test case is passed
10/Jun/2022 13:26:53,591- ebanking: URL opened
10/Jun/2022 13:26:55,654- ebanking: Entered Username
10/Jun/2022 13:26:55,758- ebanking: Entered Password
10/Jun/2022 13:26:59,842- ebanking: passed
10/Jun/2022 13:27:00,704- ebanking: Validate header text success..
10/Jun/2022 13:27:18,480- ebanking: Username provided
10/Jun/2022 13:27:18,622- ebanking: Password provided
10/Jun/2022 13:27:27,968- ebanking: Login Passed
10/Jun/2022 13:27:37,438- ebanking: Username provided
10/Jun/2022 13:27:37,543- ebanking: Password provided
10/Jun/2022 13:27:48,218- ebanking: Username provided
10/Jun/2022 13:27:48,328- ebanking: Password provided
10/Jun/2022 13:27:54,995- ebanking: Username provided
10/Jun/2022 13:27:55,619- ebanking: Password provided
10/Jun/2022 13:28:01,355- ebanking: Login Passed
10/Jun/2022 13:28:10,640- ebanking: Username provided
10/Jun/2022 13:28:10,756- ebanking: Password provided
10/Jun/2022 13:28:30,396- ebanking: Username provided
10/Jun/2022 13:28:31,085- ebanking: Password provided
10/Jun/2022 13:28:36,723- ebanking: Providing customer details..
10/Jun/2022 13:31:58,897- ebanking: URL opened
10/Jun/2022 13:31:59,285- ebanking: Entered Username
10/Jun/2022 13:31:59,693- ebanking: Entered Password
10/Jun/2022 13:32:02,195- ebanking: passed
10/Jun/2022 13:32:02,727- ebanking: Validate header text success..
10/Jun/2022 13:32:16,890- ebanking: Username provided
10/Jun/2022 13:32:17,016- ebanking: Password provided
10/Jun/2022 13:32:23,332- ebanking: Login Passed
10/Jun/2022 13:32:32,528- ebanking: Username provided
10/Jun/2022 13:32:32,682- ebanking: Password provided
10/Jun/2022 13:32:40,451- ebanking: Username provided
10/Jun/2022 13:32:40,553- ebanking: Password provided
10/Jun/2022 13:32:46,955- ebanking: Username provided
10/Jun/2022 13:32:47,069- ebanking: Password provided
10/Jun/2022 13:32:51,870- ebanking: Login Passed
10/Jun/2022 13:32:57,879- ebanking: Username provided
10/Jun/2022 13:32:58,415- ebanking: Password provided
10/Jun/2022 13:33:14,093- ebanking: Username provided
10/Jun/2022 13:33:14,343- ebanking: Password provided
10/Jun/2022 13:33:19,203- ebanking: Providing customer details..
10/Jun/2022 13:33:34,365- ebanking: Validation started...
10/Jun/2022 13:33:34,873- ebanking: Test case is passed
10/Jun/2022 13:36:54,874- ebanking: URL opened
10/Jun/2022 13:36:55,159- ebanking: Entered Username
10/Jun/2022 13:36:55,352- ebanking: Entered Password
10/Jun/2022 13:36:57,290- ebanking: passed
10/Jun/2022 13:36:57,413- ebanking: Validate header text success..
10/Jun/2022 13:37:12,198- ebanking: Username provided
10/Jun/2022 13:37:12,372- ebanking: Password provided
10/Jun/2022 13:37:19,318- ebanking: Login Passed
10/Jun/2022 13:37:28,823- ebanking: Username provided
10/Jun/2022 13:37:28,965- ebanking: Password provided
10/Jun/2022 13:37:37,127- ebanking: Username provided
10/Jun/2022 13:37:37,231- ebanking: Password provided
10/Jun/2022 13:37:46,204- ebanking: Username provided
10/Jun/2022 13:37:46,618- ebanking: Password provided
10/Jun/2022 13:37:52,048- ebanking: Login Passed
10/Jun/2022 13:37:58,314- ebanking: Username provided
10/Jun/2022 13:37:59,016- ebanking: Password provided
10/Jun/2022 13:38:14,774- ebanking: Login Passed
10/Jun/2022 13:38:35,828- ebanking: Username provided
10/Jun/2022 13:38:35,980- ebanking: Password provided
10/Jun/2022 13:38:44,148- ebanking: Providing customer details..
10/Jun/2022 13:42:28,633- ebanking: URL opened
10/Jun/2022 13:42:28,873- ebanking: Entered Username
10/Jun/2022 13:42:29,107- ebanking: Entered Password
10/Jun/2022 13:42:35,357- ebanking: passed
10/Jun/2022 13:42:35,982- ebanking: Validate header text success..
10/Jun/2022 13:42:45,704- ebanking: Username provided
10/Jun/2022 13:42:45,899- ebanking: Password provided
10/Jun/2022 13:42:51,569- ebanking: Login Passed
10/Jun/2022 13:42:59,392- ebanking: Username provided
10/Jun/2022 13:42:59,546- ebanking: Password provided
10/Jun/2022 13:43:04,735- ebanking: Login Passed
10/Jun/2022 13:43:22,527- ebanking: Username provided
10/Jun/2022 13:43:22,748- ebanking: Password provided
10/Jun/2022 13:43:31,864- ebanking: Providing customer details..
10/Jun/2022 13:43:47,750- ebanking: Validation started...
10/Jun/2022 13:43:48,209- ebanking: Test case is passed
10/Jun/2022 23:26:40,762- ebanking: Username provided
10/Jun/2022 23:26:41,002- ebanking: Password provided
10/Jun/2022 23:26:47,628- ebanking: Providing customer details..
10/Jun/2022 23:40:20,656- ebanking: Username provided
10/Jun/2022 23:40:20,818- ebanking: Password provided
10/Jun/2022 23:43:17,037- ebanking: Username provided
10/Jun/2022 23:43:17,321- ebanking: Password provided
10/Jun/2022 23:46:34,523- ebanking: Username provided
10/Jun/2022 23:46:34,706- ebanking: Password provided
10/Jun/2022 23:46:41,488- ebanking: Providing customer details..
10/Jun/2022 23:52:22,848- ebanking: Username provided
10/Jun/2022 23:52:23,038- ebanking: Password provided
10/Jun/2022 23:54:21,008- ebanking: Username provided
10/Jun/2022 23:54:21,222- ebanking: Password provided
10/Jun/2022 23:54:32,872- ebanking: Providing customer details..
10/Jun/2022 23:57:50,785- ebanking: Username provided
10/Jun/2022 23:57:51,016- ebanking: Password provided
10/Jun/2022 23:59:26,844- ebanking: Username provided
10/Jun/2022 23:59:26,980- ebanking: Password provided
10/Jun/2022 23:59:34,510- ebanking: Providing customer details..
10/Jun/2022 23:59:53,820- ebanking: Validation started...
10/Jun/2022 23:59:53,918- ebanking: Test case is passed
11/Jun/2022 00:02:46,946- ebanking: Username provided
11/Jun/2022 00:02:50,846- ebanking: Password provided
11/Jun/2022 00:02:59,266- ebanking: Providing customer details..
